<?xml version="1.0" encoding="UTF-8" ?>
<testsuite failures="0" time="0.75" errors="0" skipped="0" tests="12" name="TestSuite">
  <properties>
    <property name="java.runtime.name" value="Java(TM) SE Runtime Environment"/>
    <property name="sun.boot.library.path" value="C:\Program Files\Java\jre7\bin"/>
    <property name="java.vm.version" value="23.0-b21"/>
    <property name="java.vm.vendor" value="Oracle Corporation"/>
    <property name="java.vendor.url" value="http://java.oracle.com/"/>
    <property name="path.separator" value=";"/>
    <property name="java.vm.name" value="Java HotSpot(TM) Client VM"/>
    <property name="file.encoding.pkg" value="sun.io"/>
    <property name="user.script" value=""/>
    <property name="user.country" value="US"/>
    <property name="sun.java.launcher" value="SUN_STANDARD"/>
    <property name="sun.os.patch.level" value="Service Pack 3"/>
    <property name="java.vm.specification.name" value="Java Virtual Machine Specification"/>
    <property name="user.dir" value="C:\Documents and Settings\ashireesh\workspace\skylab.palindrome"/>
    <property name="java.runtime.version" value="1.7.0_04-b22"/>
    <property name="java.awt.graphicsenv" value="sun.awt.Win32GraphicsEnvironment"/>
    <property name="basedir" value="C:\Documents and Settings\ashireesh\workspace\skylab.palindrome"/>
    <property name="java.endorsed.dirs" value="C:\Program Files\Java\jre7\lib\endorsed"/>
    <property name="os.arch" value="x86"/>
    <property name="surefire.real.class.path" value="C:\DOCUME~1\ASHIRE~1\LOCALS~1\Temp\surefirebooter2421635477318005847.jar"/>
    <property name="java.io.tmpdir" value="C:\DOCUME~1\ASHIRE~1\LOCALS~1\Temp\"/>
    <property name="line.separator" value="
"/>
    <property name="java.vm.specification.vendor" value="Oracle Corporation"/>
    <property name="user.variant" value=""/>
    <property name="os.name" value="Windows XP"/>
    <property name="sun.jnu.encoding" value="Cp1252"/>
    <property name="java.library.path" value="C:\Program Files\Java\jre7\bin;C:\WINDOWS\Sun\Java\bin;C:\WINDOWS\system32;C:\WINDOWS;C:/Program Files/Java/jre7/bin/client;C:/Program Files/Java/jre7/bin;C:\WINDOWS\system32;C:\WINDOWS;C:\WINDOWS\System32\Wbem;C:\Program Files\Intel\WiFi\bin\;C:\Documents and Settings\ashireesh\maven-2.2.1\bin;;."/>
    <property name="surefire.test.class.path" value="C:\Documents and Settings\ashireesh\workspace\skylab.palindrome\target\test-classes;C:\Documents and Settings\ashireesh\workspace\skylab.palindrome\target\classes;C:\Documents and Settings\ashireesh\.m2\repository\com\sun\jersey\jersey-server\1.8\jersey-server-1.8.jar;C:\Documents and Settings\ashireesh\.m2\repository\asm\asm\3.1\asm-3.1.jar;C:\Documents and Settings\ashireesh\.m2\repository\com\sun\jersey\jersey-core\1.8\jersey-core-1.8.jar;C:\Documents and Settings\ashireesh\.m2\repository\org\apache\commons\commons-lang3\3.0\commons-lang3-3.0.jar;C:\Documents and Settings\ashireesh\.m2\repository\org\testng\testng\6.1.1\testng-6.1.1.jar;C:\Documents and Settings\ashireesh\.m2\repository\junit\junit\3.8.1\junit-3.8.1.jar;C:\Documents and Settings\ashireesh\.m2\repository\org\beanshell\bsh\2.0b4\bsh-2.0b4.jar;C:\Documents and Settings\ashireesh\.m2\repository\com\beust\jcommander\1.12\jcommander-1.12.jar;C:\Documents and Settings\ashireesh\.m2\repository\org\yaml\snakeyaml\1.6\snakeyaml-1.6.jar;C:\Documents and Settings\ashireesh\.m2\repository\org\easytesting\fest-assert\1.4\fest-assert-1.4.jar;C:\Documents and Settings\ashireesh\.m2\repository\org\easytesting\fest-util\1.1.6\fest-util-1.1.6.jar;C:\Documents and Settings\ashireesh\.m2\repository\com\jayway\restassured\rest-assured\2.0.1\rest-assured-2.0.1.jar;C:\Documents and Settings\ashireesh\.m2\repository\org\codehaus\groovy\groovy\2.2.0\groovy-2.2.0.jar;C:\Documents and Settings\ashireesh\.m2\repository\org\ow2\asm\asm-tree\4.1\asm-tree-4.1.jar;C:\Documents and Settings\ashireesh\.m2\repository\org\ow2\asm\asm\4.1\asm-4.1.jar;C:\Documents and Settings\ashireesh\.m2\repository\antlr\antlr\2.7.7\antlr-2.7.7.jar;C:\Documents and Settings\ashireesh\.m2\repository\org\ow2\asm\asm-util\4.1\asm-util-4.1.jar;C:\Documents and Settings\ashireesh\.m2\repository\org\ow2\asm\asm-commons\4.1\asm-commons-4.1.jar;C:\Documents and Settings\ashireesh\.m2\repository\org\ow2\asm\asm-analysis\4.1\asm-analysis-4.1.jar;C:\Documents and Settings\ashireesh\.m2\repository\org\codehaus\groovy\groovy-xml\2.2.0\groovy-xml-2.2.0.jar;C:\Documents and Settings\ashireesh\.m2\repository\org\apache\httpcomponents\httpclient\4.2.6\httpclient-4.2.6.jar;C:\Documents and Settings\ashireesh\.m2\repository\org\apache\httpcomponents\httpcore\4.2.5\httpcore-4.2.5.jar;C:\Documents and Settings\ashireesh\.m2\repository\commons-logging\commons-logging\1.1.1\commons-logging-1.1.1.jar;C:\Documents and Settings\ashireesh\.m2\repository\commons-codec\commons-codec\1.6\commons-codec-1.6.jar;C:\Documents and Settings\ashireesh\.m2\repository\org\apache\httpcomponents\httpmime\4.2.6\httpmime-4.2.6.jar;C:\Documents and Settings\ashireesh\.m2\repository\org\hamcrest\hamcrest-core\1.3\hamcrest-core-1.3.jar;C:\Documents and Settings\ashireesh\.m2\repository\org\hamcrest\hamcrest-library\1.3\hamcrest-library-1.3.jar;C:\Documents and Settings\ashireesh\.m2\repository\org\ccil\cowan\tagsoup\tagsoup\1.2.1\tagsoup-1.2.1.jar;C:\Documents and Settings\ashireesh\.m2\repository\com\jayway\restassured\json-path\2.0.1\json-path-2.0.1.jar;C:\Documents and Settings\ashireesh\.m2\repository\org\codehaus\groovy\groovy-json\2.2.0\groovy-json-2.2.0.jar;C:\Documents and Settings\ashireesh\.m2\repository\com\jayway\restassured\rest-assured-common\2.0.1\rest-assured-common-2.0.1.jar;C:\Documents and Settings\ashireesh\.m2\repository\com\jayway\restassured\xml-path\2.0.1\xml-path-2.0.1.jar;"/>
    <property name="java.specification.name" value="Java Platform API Specification"/>
    <property name="java.class.version" value="51.0"/>
    <property name="sun.management.compiler" value="HotSpot Client Compiler"/>
    <property name="os.version" value="5.1"/>
    <property name="user.home" value="C:\Documents and Settings\ashireesh"/>
    <property name="user.timezone" value="Asia/Calcutta"/>
    <property name="java.awt.printerjob" value="sun.awt.windows.WPrinterJob"/>
    <property name="java.specification.version" value="1.7"/>
    <property name="file.encoding" value="Cp1252"/>
    <property name="user.name" value="ashireesh"/>
    <property name="java.class.path" value="C:\Documents and Settings\ashireesh\workspace\skylab.palindrome\target\test-classes;C:\Documents and Settings\ashireesh\workspace\skylab.palindrome\target\classes;C:\Documents and Settings\ashireesh\.m2\repository\com\sun\jersey\jersey-server\1.8\jersey-server-1.8.jar;C:\Documents and Settings\ashireesh\.m2\repository\asm\asm\3.1\asm-3.1.jar;C:\Documents and Settings\ashireesh\.m2\repository\com\sun\jersey\jersey-core\1.8\jersey-core-1.8.jar;C:\Documents and Settings\ashireesh\.m2\repository\org\apache\commons\commons-lang3\3.0\commons-lang3-3.0.jar;C:\Documents and Settings\ashireesh\.m2\repository\org\testng\testng\6.1.1\testng-6.1.1.jar;C:\Documents and Settings\ashireesh\.m2\repository\junit\junit\3.8.1\junit-3.8.1.jar;C:\Documents and Settings\ashireesh\.m2\repository\org\beanshell\bsh\2.0b4\bsh-2.0b4.jar;C:\Documents and Settings\ashireesh\.m2\repository\com\beust\jcommander\1.12\jcommander-1.12.jar;C:\Documents and Settings\ashireesh\.m2\repository\org\yaml\snakeyaml\1.6\snakeyaml-1.6.jar;C:\Documents and Settings\ashireesh\.m2\repository\org\easytesting\fest-assert\1.4\fest-assert-1.4.jar;C:\Documents and Settings\ashireesh\.m2\repository\org\easytesting\fest-util\1.1.6\fest-util-1.1.6.jar;C:\Documents and Settings\ashireesh\.m2\repository\com\jayway\restassured\rest-assured\2.0.1\rest-assured-2.0.1.jar;C:\Documents and Settings\ashireesh\.m2\repository\org\codehaus\groovy\groovy\2.2.0\groovy-2.2.0.jar;C:\Documents and Settings\ashireesh\.m2\repository\org\ow2\asm\asm-tree\4.1\asm-tree-4.1.jar;C:\Documents and Settings\ashireesh\.m2\repository\org\ow2\asm\asm\4.1\asm-4.1.jar;C:\Documents and Settings\ashireesh\.m2\repository\antlr\antlr\2.7.7\antlr-2.7.7.jar;C:\Documents and Settings\ashireesh\.m2\repository\org\ow2\asm\asm-util\4.1\asm-util-4.1.jar;C:\Documents and Settings\ashireesh\.m2\repository\org\ow2\asm\asm-commons\4.1\asm-commons-4.1.jar;C:\Documents and Settings\ashireesh\.m2\repository\org\ow2\asm\asm-analysis\4.1\asm-analysis-4.1.jar;C:\Documents and Settings\ashireesh\.m2\repository\org\codehaus\groovy\groovy-xml\2.2.0\groovy-xml-2.2.0.jar;C:\Documents and Settings\ashireesh\.m2\repository\org\apache\httpcomponents\httpclient\4.2.6\httpclient-4.2.6.jar;C:\Documents and Settings\ashireesh\.m2\repository\org\apache\httpcomponents\httpcore\4.2.5\httpcore-4.2.5.jar;C:\Documents and Settings\ashireesh\.m2\repository\commons-logging\commons-logging\1.1.1\commons-logging-1.1.1.jar;C:\Documents and Settings\ashireesh\.m2\repository\commons-codec\commons-codec\1.6\commons-codec-1.6.jar;C:\Documents and Settings\ashireesh\.m2\repository\org\apache\httpcomponents\httpmime\4.2.6\httpmime-4.2.6.jar;C:\Documents and Settings\ashireesh\.m2\repository\org\hamcrest\hamcrest-core\1.3\hamcrest-core-1.3.jar;C:\Documents and Settings\ashireesh\.m2\repository\org\hamcrest\hamcrest-library\1.3\hamcrest-library-1.3.jar;C:\Documents and Settings\ashireesh\.m2\repository\org\ccil\cowan\tagsoup\tagsoup\1.2.1\tagsoup-1.2.1.jar;C:\Documents and Settings\ashireesh\.m2\repository\com\jayway\restassured\json-path\2.0.1\json-path-2.0.1.jar;C:\Documents and Settings\ashireesh\.m2\repository\org\codehaus\groovy\groovy-json\2.2.0\groovy-json-2.2.0.jar;C:\Documents and Settings\ashireesh\.m2\repository\com\jayway\restassured\rest-assured-common\2.0.1\rest-assured-common-2.0.1.jar;C:\Documents and Settings\ashireesh\.m2\repository\com\jayway\restassured\xml-path\2.0.1\xml-path-2.0.1.jar;"/>
    <property name="java.vm.specification.version" value="1.7"/>
    <property name="sun.arch.data.model" value="32"/>
    <property name="java.home" value="C:\Program Files\Java\jre7"/>
    <property name="sun.java.command" value="C:\DOCUME~1\ASHIRE~1\LOCALS~1\Temp\surefirebooter2421635477318005847.jar C:\DOCUME~1\ASHIRE~1\LOCALS~1\Temp\surefire5136745446008813749tmp C:\DOCUME~1\ASHIRE~1\LOCALS~1\Temp\surefire1027817662835672321tmp"/>
    <property name="java.specification.vendor" value="Oracle Corporation"/>
    <property name="user.language" value="en"/>
    <property name="awt.toolkit" value="sun.awt.windows.WToolkit"/>
    <property name="java.vm.info" value="mixed mode, sharing"/>
    <property name="java.version" value="1.7.0_04"/>
    <property name="java.ext.dirs" value="C:\Program Files\Java\jre7\lib\ext;C:\WINDOWS\Sun\Java\lib\ext"/>
    <property name="sun.boot.class.path" value="C:\Program Files\Java\jre7\lib\resources.jar;C:\Program Files\Java\jre7\lib\rt.jar;C:\Program Files\Java\jre7\lib\sunrsasign.jar;C:\Program Files\Java\jre7\lib\jsse.jar;C:\Program Files\Java\jre7\lib\jce.jar;C:\Program Files\Java\jre7\lib\charsets.jar;C:\Program Files\Java\jre7\lib\jfr.jar;C:\Program Files\Java\jre7\classes"/>
    <property name="java.vendor" value="Oracle Corporation"/>
    <property name="localRepository" value="C:\Documents and Settings\ashireesh\.m2\repository"/>
    <property name="file.separator" value="\"/>
    <property name="java.vendor.url.bug" value="http://bugreport.sun.com/bugreport/"/>
    <property name="sun.cpu.endian" value="little"/>
    <property name="sun.io.unicode.encoding" value="UnicodeLittle"/>
    <property name="sun.desktop" value="windows"/>
    <property name="sun.cpu.isalist" value="pentium_pro+mmx pentium_pro pentium+mmx pentium i486 i386 i86"/>
  </properties>
  <testcase time="0.031" classname="com.skylab.rest.service.PalindromeHelperTest" name="shouldCalulatePoints_BasedOnPalindromeString"/>
  <testcase time="0" classname="com.skylab.rest.service.PalindromeHelperTest" name="shouldNotRegisterExistingUser"/>
  <testcase time="0" classname="com.skylab.rest.service.PalindromeHelperTest" name="shouldRegisterNewUser_WithIntialScoreZero"/>
  <testcase time="0.016" classname="com.skylab.rest.service.PalindromeHelperTest" name="shouldReturnFalse_forEmptyPalindromeString"/>
  <testcase time="0" classname="com.skylab.rest.service.PalindromeHelperTest" name="shouldReturnFalse_forInValidPalindromeString"/>
  <testcase time="0" classname="com.skylab.rest.service.PalindromeHelperTest" name="shouldReturnFalse_forNullPalindromeString"/>
  <testcase time="0" classname="com.skylab.rest.service.PalindromeHelperTest" name="shouldReturnTrue_forValidPalindromeString"/>
  <testcase time="0" classname="com.skylab.rest.service.PalindromeHelperTest" name="shouldReturnTrue_forValidPalindromeString_withNumbers"/>
  <testcase time="0" classname="com.skylab.rest.service.PalindromeHelperTest" name="shouldReturnTrue_forValidPalindromeString_withSpaces"/>
  <testcase time="0" classname="com.skylab.rest.service.PalindromeHelperTest" name="shouldReturnTrue_forValidPalindromeString_withSpecialChars"/>
  <testcase time="0" classname="com.skylab.rest.service.PalindromeHelperTest" name="shouldReturnTrue_forValidPalindromeString_withSpecialChars2"/>
  <testcase time="0.047" classname="com.skylab.rest.service.PalindromeServiceTest" name="testService"/>
</testsuite>