<?xml version="1.0" encoding="UTF-8"?>
<!-- Generated by org.testng.reporters.JUnitReportReporter -->
<testsuite hostname="ashireesh-laptop" name="com.skylab.rest.service.PalindromeServiceTest" tests="1" failures="0" timestamp="5 Dec 2013 05:17:24 GMT" time="0.047" errors="0">
  <testcase name="testService" time="0.047" classname="com.skylab.rest.service.PalindromeServiceTest"/>
</testsuite>
